# JRE version: OpenJDK Runtime Environment Temurin-11.0.12+7 (11.0.12+7) (build 11.0.12+7)
# Java VM: OpenJDK 64-Bit Server VM Temurin-11.0.12+7 (11.0.12+7, mixed mode, tiered, compressed oops, g1 gc, windows-amd64)
Heap:
 garbage-first heap   total 65536K, used 18623K [0x00000000e0000000, 0x0000000100000000)
  region size 1024K, 8 young (8192K), 4 survivors (4096K)
 Metaspace       used 20529K, capacity 20828K, committed 20992K, reserved 1069056K
  class space    used 2067K, capacity 2215K, committed 2304K, reserved 1048576K
GC Heap History (6 events):
Event: 0.358 GC heap before
{Heap before GC invocations=0 (full 0):
 garbage-first heap   total 65536K, used 23552K [0x00000000e0000000, 0x0000000100000000)
  region size 1024K, 24 young (24576K), 0 survivors (0K)
 Metaspace       used 11172K, capacity 11309K, committed 11520K, reserved 1058816K
  class space    used 1114K, capacity 1171K, committed 1280K, reserved 1048576K
}
Event: 0.363 GC heap after
{Heap after GC invocations=1 (full 0):
 garbage-first heap   total 65536K, used 6961K [0x00000000e0000000, 0x0000000100000000)
  region size 1024K, 3 young (3072K), 3 survivors (3072K)
 Metaspace       used 11172K, capacity 11309K, committed 11520K, reserved 1058816K
  class space    used 1114K, capacity 1171K, committed 1280K, reserved 1048576K
}
Event: 0.604 GC heap before
{Heap before GC invocations=1 (full 0):
 garbage-first heap   total 65536K, used 32561K [0x00000000e0000000, 0x0000000100000000)
  region size 1024K, 28 young (28672K), 3 survivors (3072K)
 Metaspace       used 19053K, capacity 19296K, committed 19584K, reserved 1067008K
  class space    used 1955K, capacity 2074K, committed 2176K, reserved 1048576K
}
Event: 0.608 GC heap after
{Heap after GC invocations=2 (full 0):
 garbage-first heap   total 65536K, used 9578K [0x00000000e0000000, 0x0000000100000000)
  region size 1024K, 3 young (3072K), 3 survivors (3072K)
 Metaspace       used 19053K, capacity 19296K, committed 19584K, reserved 1067008K
  class space    used 1955K, capacity 2074K, committed 2176K, reserved 1048576K
}
Event: 0.793 GC heap before
{Heap before GC invocations=2 (full 0):
 garbage-first heap   total 65536K, used 34154K [0x00000000e0000000, 0x0000000100000000)
  region size 1024K, 27 young (27648K), 3 survivors (3072K)
 Metaspace       used 20517K, capacity 20828K, committed 20992K, reserved 1069056K
  class space    used 2067K, capacity 2215K, committed 2304K, reserved 1048576K
}
Event: 0.801 GC heap after
{Heap after GC invocations=3 (full 0):
 garbage-first heap   total 65536K, used 15551K [0x00000000e0000000, 0x0000000100000000)
  region size 1024K, 4 young (4096K), 4 survivors (4096K)
 Metaspace       used 20517K, capacity 20828K, committed 20992K, reserved 1069056K
  class space    used 2067K, capacity 2215K, committed 2304K, reserved 1048576K
}

